<?xml version="1.0" encoding="UTF-8"?>
<testsuite xmlns:xsi="http://www.w3.org/2001/XMLSchema-instance" xsi:noNamespaceSchemaLocation="https://maven.apache.org/surefire/maven-surefire-plugin/xsd/surefire-test-report-3.0.xsd" version="3.0" name="com.example.eventapp.service.FlywayIntegrationTest" time="10.474" tests="1" errors="0" skipped="0" failures="0">
  <properties>
[...]
</properties>
  <testcase name="flyway_applied_migrations_and_events_table_exists" classname="com.example.eventapp.service.FlywayIntegrationTest" time="0.078">
    <system-out><![CDATA[11:01:15.824 [main] INFO org.springframework.test.context.support.AnnotationConfigContextLoaderUtils -- Could not detect default configuration classes for test class [com.example.eventapp.service.FlywayIntegrationTest]: FlywayIntegrationTest does not declare any static, non-private, non-final, nested classes annotated with @Configuration.
11:01:16.119 [main] INFO org.springframework.boot.test.context.SpringBootTestContextBootstrapper -- Found @SpringBootConfiguration com.example.eventapp.EventAppApplication for test class com.example.eventapp.service.FlywayIntegrationTest

  .   ____          _            __ _ _
 /\\ / ___'_ __ _ _(_)_ __  __ _ \ \ \ \
( ( )\___ | '_ | '_| | '_ \/ _` | \ \ \ \
 \\/  ___)| |_)| | | | | || (_| |  ) ) ) )
  '  |____| .__|_| |_|_| |_\__, | / / / /
 =========|_|==============|___/=/_/_/_/
 :: Spring Boot ::                (v3.2.0)

2025-11-23T11:01:16.947+01:00  INFO 20116 --- [           main] c.e.e.service.FlywayIntegrationTest      : Starting FlywayIntegrationTest using Java 17.0.12 with PID 20116 (started by U in C:\Users\U\event\backend)
2025-11-23T11:01:16.949+01:00  INFO 20116 --- [           main] c.e.e.service.FlywayIntegrationTest      : No active profile set, falling back to 1 default profile: "default"
2025-11-23T11:01:18.838+01:00  INFO 20116 --- [           main] .s.d.r.c.RepositoryConfigurationDelegate : Bootstrapping Spring Data JPA repositories in DEFAULT mode.
2025-11-23T11:01:18.983+01:00  INFO 20116 --- [           main] .s.d.r.c.RepositoryConfigurationDelegate : Finished Spring Data repository scanning in 129 ms. Found 3 JPA repository interfaces.
2025-11-23T11:01:19.973+01:00  INFO 20116 --- [           main] com.zaxxer.hikari.HikariDataSource       : HikariPool-1 - Starting...
2025-11-23T11:01:20.387+01:00  INFO 20116 --- [           main] com.zaxxer.hikari.pool.HikariPool        : HikariPool-1 - Added connection conn0: url=jdbc:h2:mem:eventdb user=SA
2025-11-23T11:01:20.397+01:00  INFO 20116 --- [           main] com.zaxxer.hikari.HikariDataSource       : HikariPool-1 - Start completed.
2025-11-23T11:01:20.568+01:00  INFO 20116 --- [           main] o.f.c.internal.license.VersionPrinter    : Flyway Community Edition 9.22.3 by Redgate
2025-11-23T11:01:20.568+01:00  INFO 20116 --- [           main] o.f.c.internal.license.VersionPrinter    : See release notes here: https://rd.gt/416ObMi
2025-11-23T11:01:20.568+01:00  INFO 20116 --- [           main] o.f.c.internal.license.VersionPrinter    : 
2025-11-23T11:01:20.657+01:00  INFO 20116 --- [           main] org.flywaydb.core.FlywayExecutor         : Database: jdbc:h2:mem:eventdb (H2 2.2)
2025-11-23T11:01:20.667+01:00  WARN 20116 --- [           main] o.f.c.internal.database.base.Database    : Flyway upgrade recommended: H2 2.2.224 is newer than this version of Flyway and support has not been tested. The latest supported version of H2 is 2.2.220.
2025-11-23T11:01:20.734+01:00  INFO 20116 --- [           main] o.f.c.i.s.JdbcTableSchemaHistory         : Schema history table "PUBLIC"."flyway_schema_history" does not exist yet
2025-11-23T11:01:20.740+01:00  INFO 20116 --- [           main] o.f.core.internal.command.DbValidate     : Successfully validated 1 migration (execution time 00:00.049s)
2025-11-23T11:01:20.751+01:00  INFO 20116 --- [           main] o.f.c.i.s.JdbcTableSchemaHistory         : Creating Schema History table "PUBLIC"."flyway_schema_history" ...
2025-11-23T11:01:20.802+01:00  INFO 20116 --- [           main] o.f.core.internal.command.DbMigrate      : Current version of schema "PUBLIC": << Empty Schema >>
2025-11-23T11:01:20.818+01:00  INFO 20116 --- [           main] o.f.core.internal.command.DbMigrate      : Migrating schema "PUBLIC" to version "1 - init"
2025-11-23T11:01:20.892+01:00  INFO 20116 --- [           main] o.f.core.internal.command.DbMigrate      : Successfully applied 1 migration to schema "PUBLIC", now at version v1 (execution time 00:00.051s)
2025-11-23T11:01:21.073+01:00  INFO 20116 --- [           main] o.hibernate.jpa.internal.util.LogHelper  : HHH000204: Processing PersistenceUnitInfo [name: default]
2025-11-23T11:01:21.242+01:00  INFO 20116 --- [           main] org.hibernate.Version                    : HHH000412: Hibernate ORM core version 6.3.1.Final
2025-11-23T11:01:21.334+01:00  INFO 20116 --- [           main] o.h.c.internal.RegionFactoryInitiator    : HHH000026: Second-level cache disabled
2025-11-23T11:01:21.606+01:00  INFO 20116 --- [           main] o.s.o.j.p.SpringPersistenceUnitInfo      : No LoadTimeWeaver setup: ignoring JPA class transformer
2025-11-23T11:01:22.946+01:00  INFO 20116 --- [           main] o.h.e.t.j.p.i.JtaPlatformInitiator       : HHH000489: No JTA platform available (set 'hibernate.transaction.jta.platform' to enable JTA platform integration)
2025-11-23T11:01:22.952+01:00  INFO 20116 --- [           main] j.LocalContainerEntityManagerFactoryBean : Initialized JPA EntityManagerFactory for persistence unit 'default'
2025-11-23T11:01:24.161+01:00  WARN 20116 --- [           main] JpaBaseConfiguration$JpaWebConfiguration : spring.jpa.open-in-view is enabled by default. Therefore, database queries may be performed during view rendering. Explicitly configure spring.jpa.open-in-view to disable this warning
2025-11-23T11:01:24.776+01:00  INFO 20116 --- [           main] o.s.s.web.DefaultSecurityFilterChain     : Will secure any request with [org.springframework.security.web.session.DisableEncodeUrlFilter@3d7d920b, org.springframework.security.web.context.request.async.WebAsyncManagerIntegrationFilter@628190ec, org.springframework.security.web.context.SecurityContextHolderFilter@289fff3c, org.springframework.security.web.header.HeaderWriterFilter@13553828, org.springframework.web.filter.CorsFilter@4540aade, org.springframework.security.web.authentication.logout.LogoutFilter@5180f430, com.example.eventapp.security.JwtAuthenticationFilter@697797e4, org.springframework.security.web.savedrequest.RequestCacheAwareFilter@669ae205, org.springframework.security.web.servletapi.SecurityContextHolderAwareRequestFilter@19984625, org.springframework.security.web.authentication.AnonymousAuthenticationFilter@38cbbd0b, org.springframework.security.web.session.SessionManagementFilter@2940eec0, org.springframework.security.web.access.ExceptionTranslationFilter@10395bc4, org.springframework.security.web.access.intercept.AuthorizationFilter@5910c67e]
2025-11-23T11:01:25.581+01:00  INFO 20116 --- [           main] c.e.e.service.FlywayIntegrationTest      : Started FlywayIntegrationTest in 9.106 seconds (process running for 13.485)
2025-11-23T11:01:25.636+01:00  WARN 20116 --- [           main] o.f.c.internal.database.base.Database    : Flyway upgrade recommended: H2 2.2.224 is newer than this version of Flyway and support has not been tested. The latest supported version of H2 is 2.2.220.
]]></system-out>
  </testcase>
</testsuite>